<?xml version="1.0" encoding="UTF-8"?>
<testng-results skipped="0" failed="0" ignored="2" total="3" passed="1">
  <reporter-output>
  </reporter-output>
  <suite name="Hubspot App Sanity Test Suite" duration-ms="23003" started-at="2020-06-27T18:28:19Z" finished-at="2020-06-27T18:28:42Z">
    <groups>
    </groups>
    <test name="Regression Functional Sanity Test" duration-ms="23003" started-at="2020-06-27T18:28:19Z" finished-at="2020-06-27T18:28:42Z">
      <class name="com.qa.hubspot.tests.LoginPageTest">
        <test-method status="PASS" signature="setUp()[pri:0, instance:com.qa.hubspot.tests.LoginPageTest@b09fac1]" name="setUp" is-config="true" duration-ms="14849" started-at="2020-06-27T18:28:19Z" finished-at="2020-06-27T18:28:34Z">
          <reporter-output>
          </reporter-output>
        </test-method> <!-- setUp -->
        <test-method status="PASS" signature="verifyLoginPageTitleTest()[pri:2, instance:com.qa.hubspot.tests.LoginPageTest@b09fac1]" name="verifyLoginPageTitleTest" duration-ms="5465" started-at="2020-06-27T18:28:34Z" finished-at="2020-06-27T18:28:40Z">
          <reporter-output>
          </reporter-output>
        </test-method> <!-- verifyLoginPageTitleTest -->
        <test-method status="PASS" signature="tearDown()[pri:0, instance:com.qa.hubspot.tests.LoginPageTest@b09fac1]" name="tearDown" is-config="true" duration-ms="1566" started-at="2020-06-27T18:28:40Z" finished-at="2020-06-27T18:28:42Z">
          <reporter-output>
          </reporter-output>
        </test-method> <!-- tearDown -->
      </class> <!-- com.qa.hubspot.tests.LoginPageTest -->
    </test> <!-- Regression Functional Sanity Test -->
  </suite> <!-- Hubspot App Sanity Test Suite -->
</testng-results>
