<?xml version="1.0" encoding="UTF-8"?>
<testng-results skipped="0" failed="0" ignored="2" total="3" passed="1">
  <reporter-output>
  </reporter-output>
  <suite name="Default suite" duration-ms="24114" started-at="2020-06-27T18:34:16Z" finished-at="2020-06-27T18:34:41Z">
    <groups>
    </groups>
    <test name="Default test" duration-ms="24114" started-at="2020-06-27T18:34:16Z" finished-at="2020-06-27T18:34:41Z">
      <class name="com.qa.hubspot.tests.LoginPageTest">
        <test-method status="PASS" signature="setUp()[pri:0, instance:com.qa.hubspot.tests.LoginPageTest@60b71e8f]" name="setUp" is-config="true" duration-ms="14206" started-at="2020-06-27T18:34:18Z" finished-at="2020-06-27T18:34:32Z">
          <reporter-output>
          </reporter-output>
        </test-method> <!-- setUp -->
        <test-method status="PASS" signature="verifyLoginPageTitleTest()[pri:2, instance:com.qa.hubspot.tests.LoginPageTest@60b71e8f]" name="verifyLoginPageTitleTest" duration-ms="5455" started-at="2020-06-27T18:34:32Z" finished-at="2020-06-27T18:34:38Z">
          <reporter-output>
          </reporter-output>
        </test-method> <!-- verifyLoginPageTitleTest -->
        <test-method status="PASS" signature="tearDown()[pri:0, instance:com.qa.hubspot.tests.LoginPageTest@60b71e8f]" name="tearDown" is-config="true" duration-ms="1122" started-at="2020-06-27T18:34:39Z" finished-at="2020-06-27T18:34:41Z">
          <reporter-output>
          </reporter-output>
        </test-method> <!-- tearDown -->
      </class> <!-- com.qa.hubspot.tests.LoginPageTest -->
    </test> <!-- Default test -->
  </suite> <!-- Default suite -->
</testng-results>
